# JRE version: OpenJDK Runtime Environment (8.0_152-b01) (build 1.8.0_152-release-1343-b01)
# Java VM: OpenJDK 64-Bit Server VM (25.152-b01 mixed mode windows-amd64 compressed oops)
Heap:
 PSYoungGen      total 229376K, used 69524K [0x00000000e0000000, 0x00000000efa00000, 0x0000000100000000)
  eden space 210944K, 24% used [0x00000000e0000000,0x00000000e31eca10,0x00000000ece00000)
  from space 18432K, 99% used [0x00000000ee800000,0x00000000ef9f8678,0x00000000efa00000)
  to   space 18944K, 0% used [0x00000000ed580000,0x00000000ed580000,0x00000000ee800000)
 ParOldGen       total 122880K, used 62071K [0x00000000a0000000, 0x00000000a7800000, 0x00000000e0000000)
  object space 122880K, 50% used [0x00000000a0000000,0x00000000a3c9dce8,0x00000000a7800000)
 Metaspace       used 88765K, capacity 92300K, committed 92416K, reserved 1130496K
  class space    used 11326K, capacity 12024K, committed 12032K, reserved 1048576K
GC Heap History (10 events):
Event: 110.859 GC heap before
{Heap before GC invocations=17 (full 3):
 PSYoungGen      total 211968K, used 211966K [0x00000000e0000000, 0x00000000ef100000, 0x0000000100000000)
  eden space 194560K, 100% used [0x00000000e0000000,0x00000000ebe00000,0x00000000ebe00000)
  from space 17408K, 99% used [0x00000000ebe00000,0x00000000eceff958,0x00000000ecf00000)
  to   space 20992K, 0% used [0x00000000edc80000,0x00000000edc80000,0x00000000ef100000)
 ParOldGen       total 122880K, used 37929K [0x00000000a0000000, 0x00000000a7800000, 0x00000000e0000000)
  object space 122880K, 30% used [0x00000000a0000000,0x00000000a250a7d0,0x00000000a7800000)
 Metaspace       used 76199K, capacity 78996K, committed 79232K, reserved 1118208K
  class space    used 9938K, capacity 10506K, committed 10624K, reserved 1048576K
Event: 110.916 GC heap after
Heap after GC invocations=17 (full 3):
 PSYoungGen      total 226304K, used 11941K [0x00000000e0000000, 0x00000000efe00000, 0x0000000100000000)
  eden space 205312K, 0% used [0x00000000e0000000,0x00000000e0000000,0x00000000ec880000)
  from space 20992K, 56% used [0x00000000edc80000,0x00000000ee829760,0x00000000ef100000)
  to   space 20480K, 0% used [0x00000000ec880000,0x00000000ec880000,0x00000000edc80000)
 ParOldGen       total 122880K, used 54045K [0x00000000a0000000, 0x00000000a7800000, 0x00000000e0000000)
  object space 122880K, 43% used [0x00000000a0000000,0x00000000a34c7718,0x00000000a7800000)
 Metaspace       used 76199K, capacity 78996K, committed 79232K, reserved 1118208K
  class space    used 9938K, capacity 10506K, committed 10624K, reserved 1048576K
}
Event: 274.079 GC heap before
{Heap before GC invocations=18 (full 3):
 PSYoungGen      total 226304K, used 217253K [0x00000000e0000000, 0x00000000efe00000, 0x0000000100000000)
  eden space 205312K, 100% used [0x00000000e0000000,0x00000000ec880000,0x00000000ec880000)
  from space 20992K, 56% used [0x00000000edc80000,0x00000000ee829760,0x00000000ef100000)
  to   space 20480K, 0% used [0x00000000ec880000,0x00000000ec880000,0x00000000edc80000)
 ParOldGen       total 122880K, used 54045K [0x00000000a0000000, 0x00000000a7800000, 0x00000000e0000000)
  object space 122880K, 43% used [0x00000000a0000000,0x00000000a34c7718,0x00000000a7800000)
 Metaspace       used 79421K, capacity 82500K, committed 82688K, reserved 1120256K
  class space    used 10287K, capacity 10950K, committed 11008K, reserved 1048576K
Event: 274.091 GC heap after
Heap after GC invocations=18 (full 3):
 PSYoungGen      total 225792K, used 15284K [0x00000000e0000000, 0x00000000f0700000, 0x0000000100000000)
  eden space 205312K, 0% used [0x00000000e0000000,0x00000000e0000000,0x00000000ec880000)
  from space 20480K, 74% used [0x00000000ec880000,0x00000000ed76d3e0,0x00000000edc80000)
  to   space 21504K, 0% used [0x00000000ef200000,0x00000000ef200000,0x00000000f0700000)
 ParOldGen       total 122880K, used 54053K [0x00000000a0000000, 0x00000000a7800000, 0x00000000e0000000)
  object space 122880K, 43% used [0x00000000a0000000,0x00000000a34c9718,0x00000000a7800000)
 Metaspace       used 79421K, capacity 82500K, committed 82688K, reserved 1120256K
  class space    used 10287K, capacity 10950K, committed 11008K, reserved 1048576K
}
Event: 280.192 GC heap before
{Heap before GC invocations=19 (full 3):
 PSYoungGen      total 225792K, used 220596K [0x00000000e0000000, 0x00000000f0700000, 0x0000000100000000)
  eden space 205312K, 100% used [0x00000000e0000000,0x00000000ec880000,0x00000000ec880000)
  from space 20480K, 74% used [0x00000000ec880000,0x00000000ed76d3e0,0x00000000edc80000)
  to   space 21504K, 0% used [0x00000000ef200000,0x00000000ef200000,0x00000000f0700000)
 ParOldGen       total 122880K, used 54053K [0x00000000a0000000, 0x00000000a7800000, 0x00000000e0000000)
  object space 122880K, 43% used [0x00000000a0000000,0x00000000a34c9718,0x00000000a7800000)
 Metaspace       used 80745K, capacity 83890K, committed 84096K, reserved 1122304K
  class space    used 10398K, capacity 11085K, committed 11136K, reserved 1048576K
Event: 280.207 GC heap after
Heap after GC invocations=19 (full 3):
 PSYoungGen      total 209920K, used 11614K [0x00000000e0000000, 0x00000000efd80000, 0x0000000100000000)
  eden space 198144K, 0% used [0x00000000e0000000,0x00000000e0000000,0x00000000ec180000)
  from space 11776K, 98% used [0x00000000ef200000,0x00000000efd57858,0x00000000efd80000)
  to   space 20480K, 0% used [0x00000000ed580000,0x00000000ed580000,0x00000000ee980000)
 ParOldGen       total 122880K, used 54061K [0x00000000a0000000, 0x00000000a7800000, 0x00000000e0000000)
  object space 122880K, 43% used [0x00000000a0000000,0x00000000a34cb718,0x00000000a7800000)
 Metaspace       used 80745K, capacity 83890K, committed 84096K, reserved 1122304K
  class space    used 10398K, capacity 11085K, committed 11136K, reserved 1048576K
}
Event: 282.044 GC heap before
{Heap before GC invocations=20 (full 3):
 PSYoungGen      total 209920K, used 209220K [0x00000000e0000000, 0x00000000efd80000, 0x0000000100000000)
  eden space 198144K, 99% used [0x00000000e0000000,0x00000000ec0f9b60,0x00000000ec180000)
  from space 11776K, 98% used [0x00000000ef200000,0x00000000efd57858,0x00000000efd80000)
  to   space 20480K, 0% used [0x00000000ed580000,0x00000000ed580000,0x00000000ee980000)
 ParOldGen       total 122880K, used 54061K [0x00000000a0000000, 0x00000000a7800000, 0x00000000e0000000)
  object space 122880K, 43% used [0x00000000a0000000,0x00000000a34cb718,0x00000000a7800000)
 Metaspace       used 84703K, capacity 87986K, committed 88192K, reserved 1126400K
  class space    used 10901K, capacity 11597K, committed 11648K, reserved 1048576K
Event: 282.063 GC heap after
Heap after GC invocations=20 (full 3):
 PSYoungGen      total 229888K, used 18916K [0x00000000e0000000, 0x00000000efa00000, 0x0000000100000000)
  eden space 210944K, 0% used [0x00000000e0000000,0x00000000e0000000,0x00000000ece00000)
  from space 18944K, 99% used [0x00000000ed580000,0x00000000ee7f9028,0x00000000ee800000)
  to   space 18432K, 0% used [0x00000000ee800000,0x00000000ee800000,0x00000000efa00000)
 ParOldGen       total 122880K, used 54069K [0x00000000a0000000, 0x00000000a7800000, 0x00000000e0000000)
  object space 122880K, 44% used [0x00000000a0000000,0x00000000a34cd718,0x00000000a7800000)
 Metaspace       used 84703K, capacity 87986K, committed 88192K, reserved 1126400K
  class space    used 10901K, capacity 11597K, committed 11648K, reserved 1048576K
}
Event: 286.810 GC heap before
{Heap before GC invocations=21 (full 3):
 PSYoungGen      total 229888K, used 229860K [0x00000000e0000000, 0x00000000efa00000, 0x0000000100000000)
  eden space 210944K, 100% used [0x00000000e0000000,0x00000000ece00000,0x00000000ece00000)
  from space 18944K, 99% used [0x00000000ed580000,0x00000000ee7f9028,0x00000000ee800000)
  to   space 18432K, 0% used [0x00000000ee800000,0x00000000ee800000,0x00000000efa00000)
 ParOldGen       total 122880K, used 54069K [0x00000000a0000000, 0x00000000a7800000, 0x00000000e0000000)
  object space 122880K, 44% used [0x00000000a0000000,0x00000000a34cd718,0x00000000a7800000)
 Metaspace       used 88547K, capacity 91976K, committed 92160K, reserved 1130496K
  class space    used 11291K, capacity 11972K, committed 12032K, reserved 1048576K
Event: 286.857 GC heap after
Heap after GC invocations=21 (full 3):
 PSYoungGen      total 229376K, used 18401K [0x00000000e0000000, 0x00000000efa00000, 0x0000000100000000)
  eden space 210944K, 0% used [0x00000000e0000000,0x00000000e0000000,0x00000000ece00000)
  from space 18432K, 99% used [0x00000000ee800000,0x00000000ef9f8678,0x00000000efa00000)
  to   space 18944K, 0% used [0x00000000ed580000,0x00000000ed580000,0x00000000ee800000)
 ParOldGen       total 122880K, used 62071K [0x00000000a0000000, 0x00000000a7800000, 0x00000000e0000000)
  object space 122880K, 50% used [0x00000000a0000000,0x00000000a3c9dce8,0x00000000a7800000)
 Metaspace       used 88547K, capacity 91976K, committed 92160K, reserved 1130496K
  class space    used 11291K, capacity 11972K, committed 12032K, reserved 1048576K
}

